<?xml version="1.0" encoding="UTF-8"?>
<testsuite name="co.com.devco.certification.pg.runners.TestRunner" tests="0" skipped="0" failures="0" errors="0" timestamp="1970-01-01T00:00:00" hostname="SIMON" time="0.0">
  <properties/>
  <system-out><![CDATA[
1 Scenarios (?[33m1 undefined?[0m)
3 Steps (?[33m2 undefined?[0m, ?[32m1 passed?[0m)
0m33,743s


You can implement missing steps with the snippets below:

@When("^The user enter the note whit rich text$")
public void theUserEnterTheNoteWhitRichText() {
    // Write code here that turns the phrase above into concrete actions
    throw new PendingException();
}


@Then("^The user see the note whit rich text saved$")
public void theUserSeeTheNoteWhitRichTextSaved() {
    // Write code here that turns the phrase above into concrete actions
    throw new PendingException();
}

]]></system-out>
  <system-err><![CDATA[SLF4J: Failed to load class "org.slf4j.impl.StaticLoggerBinder".
SLF4J: Defaulting to no-operation (NOP) logger implementation
SLF4J: See http://www.slf4j.org/codes.html#StaticLoggerBinder for further details.
]]></system-err>
</testsuite>
